<?xml version="1.0" encoding="UTF-8"?>
<!-- Generated by org.testng.reporters.JUnitReportReporter -->
<testsuite hostname="patapl-G5SSZF2" name="zeta.test.NextGenSuite" tests="1" failures="0" timestamp="18 Oct 2017 12:43:54 GMT" time="151.692" errors="0">
  <testcase name="uploadVideoAddToDocument" time="151.692" classname="zeta.test.NextGenSuite"/>
</testsuite> <!-- zeta.test.NextGenSuite -->
